<?xml version="1.0" encoding="UTF-8"?>
<!-- Generated by org.testng.reporters.JUnitReportReporter -->
<testsuite hostname="DESKTOP-4DAF53H" failures="0" tests="4" name="tests.ProductPageTest" time="9.607" errors="0" timestamp="2025-05-30T19:02:00 IST" skipped="0">
  <testcase classname="tests.ProductPageTest" name="productInfoTest" time="1.667"/>
  <system-out/>
  <testcase classname="tests.ProductPageTest" name="productInfoTest" time="2.945"/>
  <system-out/>
  <testcase classname="tests.ProductPageTest" name="productInfoTest" time="2.482"/>
  <system-out/>
  <testcase classname="tests.ProductPageTest" name="productInfoTest" time="2.513"/>
  <system-out/>
</testsuite> <!-- tests.ProductPageTest -->
